<?xml version="1.0" encoding="UTF-8"?>
<!-- Generated by org.testng.reporters.JUnitReportReporter -->
<testsuite hostname="WN7X64-3KSBH92" name="test.GridExampleTest" tests="1" failures="0" timestamp="23 Dec 2016 15:42:47 GMT" time="9.983" errors="0">
  <testcase name="test" time="9.983" classname="test.GridExampleTest"/>
</testsuite> <!-- test.GridExampleTest -->
